[debug] [2021-09-03T06:08:40.051Z] ----------------------------------------------------------------------
[debug] [2021-09-03T06:08:40.053Z] Command:       C:\Program Files\nodejs\node.exe C:\Users\lepra\AppData\Roaming\npm\node_modules\firebase-tools\lib\bin\firebase.js open
[debug] [2021-09-03T06:08:40.053Z] CLI Version:   9.17.0
[debug] [2021-09-03T06:08:40.053Z] Platform:      win32
[debug] [2021-09-03T06:08:40.053Z] Node Version:  v14.15.1
[debug] [2021-09-03T06:08:40.054Z] Time:          Fri Sep 03 2021 03:08:40 GMT-0300 (Horário Padrão de Brasília)
[debug] [2021-09-03T06:08:40.054Z] ----------------------------------------------------------------------
[debug] 
[debug] [2021-09-03T06:08:40.105Z] > command requires scopes: ["email","openid","https://www.googleapis.com/auth/cloudplatformprojects.readonly","https://www.googleapis.com/auth/firebase","https://www.googleapis.com/auth/cloud-platform"]
[debug] [2021-09-03T06:08:40.105Z] > authorizing via signed-in user (le.pradal.lopes@gmail.com)
[debug] [2021-09-03T06:08:40.106Z] [iam] checking project prads-playtoearn for permissions ["firebase.projects.get"]
[debug] [2021-09-03T06:08:40.107Z] >>> HTTP REQUEST POST https://cloudresourcemanager.googleapis.com/v1/projects/prads-playtoearn:testIamPermissions  
 {"permissions":["firebase.projects.get"]}
[debug] [2021-09-03T06:08:40.917Z] <<< HTTP RESPONSE 200 {"content-type":"application/json; charset=UTF-8","vary":"X-Origin, Referer, Origin,Accept-Encoding","date":"Fri, 03 Sep 2021 06:08:50 GMT","server":"ESF","cache-control":"private","x-xss-protection":"0","x-frame-options":"SAMEORIGIN","x-content-type-options":"nosniff","server-timing":"gfet4t7; dur=723","alt-svc":"h3=\":443\"; ma=2592000,h3-29=\":443\"; ma=2592000,h3-T051=\":443\"; ma=2592000,h3-Q050=\":443\"; ma=2592000,h3-Q046=\":443\"; ma=2592000,h3-Q043=\":443\"; ma=2592000,quic=\":443\"; ma=2592000; v=\"46,43\"","accept-ranges":"none","transfer-encoding":"chunked"}
[debug] [2021-09-03T06:08:40.919Z] > refreshing access token with scopes: []
[debug] [2021-09-03T06:08:40.919Z] >>> HTTP REQUEST POST https://www.googleapis.com/oauth2/v3/token  
 <request body omitted>
[debug] [2021-09-03T06:08:41.040Z] <<< HTTP RESPONSE 200 {"cache-control":"no-cache, no-store, max-age=0, must-revalidate","pragma":"no-cache","expires":"Mon, 01 Jan 1990 00:00:00 GMT","date":"Fri, 03 Sep 2021 06:08:50 GMT","content-type":"application/json; charset=utf-8","vary":"X-Origin, Referer, Origin,Accept-Encoding","server":"scaffolding on HTTPServer2","x-xss-protection":"0","x-frame-options":"SAMEORIGIN","x-content-type-options":"nosniff","alt-svc":"h3=\":443\"; ma=2592000,h3-29=\":443\"; ma=2592000,h3-T051=\":443\"; ma=2592000,h3-Q050=\":443\"; ma=2592000,h3-Q046=\":443\"; ma=2592000,h3-Q043=\":443\"; ma=2592000,quic=\":443\"; ma=2592000; v=\"46,43\"","accept-ranges":"none","transfer-encoding":"chunked"}
[debug] [2021-09-03T06:08:41.047Z] >>> [apiv2][query] GET https://firebase.googleapis.com/v1beta1/projects/prads-playtoearn [none]
[debug] [2021-09-03T06:08:42.025Z] <<< [apiv2][status] GET https://firebase.googleapis.com/v1beta1/projects/prads-playtoearn 200
[debug] [2021-09-03T06:08:42.026Z] <<< [apiv2][body] GET https://firebase.googleapis.com/v1beta1/projects/prads-playtoearn {"projectId":"prads-playtoearn","projectNumber":"18546774594","displayName":"prads-playtoearn","name":"projects/prads-playtoearn","resources":{"hostingSite":"prads-playtoearn","realtimeDatabaseInstance":"prads-playtoearn-default-rtdb"},"state":"ACTIVE"}
